<?xml version="1.0" encoding="UTF-8"?>
<!-- Generated by org.testng.reporters.JUnitXMLReporter -->
<testsuite ignored="2" hostname="LAPTOP-0QTDGNSP" failures="0" tests="0" time="0.01" errors="0" timestamp="2022-06-03T18:49:13 IST">
  <testcase classname="testclasses.VerifyUserCanBuyProduct" name="Test" time="0.0">
    <ignored/>
  </testcase> <!-- Test -->
  <testcase classname="testclasses.VerifyUserCanBuyProduct" name="VerifyUserCanloginOrNot" time="0.0">
    <ignored/>
  </testcase> <!-- VerifyUserCanloginOrNot -->
</testsuite>
